<?xml version="1.0" encoding="UTF-8"?>
<!-- Generated by org.testng.reporters.JUnitXMLReporter -->
<testsuite hostname="mokshagnya" ignored="1" name="Test" tests="2" failures="0" timestamp="07 Mar 2019 21:56:35 GMT" time="180.249" errors="0">
  <testcase name="username" time="68.942" classname="com.prameters.ParameterTest"/>
  <testcase name="username" time="43.734" classname="com.prameters.ParameterTest"/>
  <testcase name="compose" time="0.0" classname="com.prameters.ParameterTest">
    <ignored/>
  </testcase> <!-- compose -->
</testsuite> <!-- Test -->
