<?xml version="1.0" encoding="UTF-8"?>
<!-- Generated by org.testng.reporters.JUnitXMLReporter -->
<testsuite hostname="mokshagnya" ignored="1" name="Test" tests="2" failures="0" timestamp="07 Mar 2019 22:00:13 GMT" time="115.267" errors="0">
  <testcase name="username" time="45.781" classname="com.prameters.ParameterTest"/>
  <testcase name="username" time="31.13" classname="com.prameters.ParameterTest"/>
  <testcase name="compose" time="0.0" classname="com.prameters.ParameterTest">
    <ignored/>
  </testcase> <!-- compose -->
</testsuite> <!-- Test -->
