<?xml version="1.0" encoding="UTF-8"?>
<testng-results skipped="0" failed="0" ignored="1" total="3" passed="2">
  <reporter-output>
  </reporter-output>
  <suite name="Suite" duration-ms="115267" started-at="2019-03-07T21:58:18Z" finished-at="2019-03-07T22:00:13Z">
    <groups>
      <group name="functionalTesting">
        <method signature="ParameterTest.username(java.lang.String, java.lang.String)[pri:1, instance:com.prameters.ParameterTest@26f67b76]" name="username" class="com.prameters.ParameterTest"/>
      </group> <!-- functionalTesting -->
    </groups>
    <test name="Test" duration-ms="115267" started-at="2019-03-07T21:58:18Z" finished-at="2019-03-07T22:00:13Z">
      <class name="com.prameters.ParameterTest">
        <test-method status="PASS" signature="setup(java.lang.String, java.lang.String)[pri:0, instance:com.prameters.ParameterTest@26f67b76]" name="setup" is-config="true" duration-ms="13679" started-at="2019-03-07T21:58:19Z" finished-at="2019-03-07T21:58:32Z">
          <params>
            <param index="0">
              <value>
                <![CDATA[chrome]]>
              </value>
            </param>
            <param index="1">
              <value>
                <![CDATA[https://www.gmail.com]]>
              </value>
            </param>
          </params>
          <reporter-output>
          </reporter-output>
        </test-method> <!-- setup -->
        <test-method status="PASS" signature="username(java.lang.String, java.lang.String)[pri:1, instance:com.prameters.ParameterTest@26f67b76]" name="username" duration-ms="45781" started-at="2019-03-07T21:58:32Z" data-provider="janaki" finished-at="2019-03-07T21:59:18Z">
          <params>
            <param index="0">
              <value>
                <![CDATA[janakikunapareddy@gmail.com]]>
              </value>
            </param>
            <param index="1">
              <value>
                <![CDATA[Janaki@28]]>
              </value>
            </param>
          </params>
          <reporter-output>
          </reporter-output>
        </test-method> <!-- username -->
        <test-method status="PASS" signature="teardownTest()[pri:0, instance:com.prameters.ParameterTest@26f67b76]" name="teardownTest" is-config="true" duration-ms="1451" started-at="2019-03-07T21:59:18Z" finished-at="2019-03-07T21:59:20Z">
          <reporter-output>
          </reporter-output>
        </test-method> <!-- teardownTest -->
        <test-method status="PASS" signature="setup(java.lang.String, java.lang.String)[pri:0, instance:com.prameters.ParameterTest@26f67b76]" name="setup" is-config="true" duration-ms="21154" started-at="2019-03-07T21:59:20Z" finished-at="2019-03-07T21:59:41Z">
          <params>
            <param index="0">
              <value>
                <![CDATA[chrome]]>
              </value>
            </param>
            <param index="1">
              <value>
                <![CDATA[https://www.gmail.com]]>
              </value>
            </param>
          </params>
          <reporter-output>
          </reporter-output>
        </test-method> <!-- setup -->
        <test-method status="PASS" signature="username(java.lang.String, java.lang.String)[pri:1, instance:com.prameters.ParameterTest@26f67b76]" name="username" duration-ms="31130" started-at="2019-03-07T21:59:41Z" data-provider="janaki" finished-at="2019-03-07T22:00:12Z">
          <params>
            <param index="0">
              <value>
                <![CDATA[janaki1531@gmail.com]]>
              </value>
            </param>
            <param index="1">
              <value>
                <![CDATA[Janaki@28]]>
              </value>
            </param>
          </params>
          <reporter-output>
          </reporter-output>
        </test-method> <!-- username -->
        <test-method status="PASS" signature="teardownTest()[pri:0, instance:com.prameters.ParameterTest@26f67b76]" name="teardownTest" is-config="true" duration-ms="1111" started-at="2019-03-07T22:00:12Z" finished-at="2019-03-07T22:00:13Z">
          <reporter-output>
          </reporter-output>
        </test-method> <!-- teardownTest -->
      </class> <!-- com.prameters.ParameterTest -->
    </test> <!-- Test -->
  </suite> <!-- Suite -->
</testng-results>
